TN:
SF:src/modules/appointments/services/CreateAppointmentService.ts
FN:17,(anonymous_18)
FN:18,CreateAppointmentService
FN:29,(anonymous_20)
FNF:3
FNH:3
FNDA:1,(anonymous_18)
FNDA:5,CreateAppointmentService
FNDA:7,(anonymous_20)
DA:1,1
DA:2,1
DA:6,1
DA:17,1
DA:20,5
DA:23,5
DA:26,5
DA:29,1
DA:30,7
DA:31,7
DA:32,7
DA:34,7
DA:36,7
DA:37,2
DA:40,5
DA:41,1
DA:44,4
DA:46,4
DA:47,1
DA:52,3
DA:57,3
DA:58,1
DA:62,2
DA:68,2
DA:70,4
DA:75,2
DA:80,4
DA:82,2
DA:84,1
DA:86,1
LF:30
LH:30
BRDA:36,0,0,2
BRDA:36,0,1,5
BRDA:40,1,0,1
BRDA:40,1,1,4
BRDA:46,2,0,1
BRDA:46,2,1,3
BRDA:46,3,0,4
BRDA:46,3,1,3
BRDA:57,4,0,1
BRDA:57,4,1,2
BRF:10
BRH:10
end_of_record
TN:
SF:src/modules/appointments/services/ListProviderAppointmentsService.ts
FN:16,(anonymous_17)
FN:17,ListProviderAppointmentsService
FN:25,(anonymous_19)
FNF:3
FNH:3
FNDA:1,(anonymous_17)
FNDA:1,ListProviderAppointmentsService
FNDA:1,(anonymous_19)
DA:1,1
DA:2,1
DA:16,1
DA:19,1
DA:22,1
DA:25,1
DA:26,1
DA:27,1
DA:28,1
DA:29,1
DA:31,1
DA:33,1
DA:37,1
DA:38,1
DA:46,2
DA:49,1
DA:51,1
DA:53,1
LF:18
LH:18
BRDA:49,0,0,1
BRDA:37,1,0,0
BRDA:37,1,1,1
BRF:3
BRH:2
end_of_record
TN:
SF:src/modules/appointments/services/ListProviderDayAvailabilityService.ts
FN:19,(anonymous_17)
FN:20,ListProviderDayAvailabilityService
FN:25,(anonymous_19)
FN:44,(anonymous_22)
FN:49,(anonymous_23)
FN:51,(anonymous_24)
FNF:6
FNH:6
FNDA:1,(anonymous_17)
FNDA:1,ListProviderDayAvailabilityService
FNDA:1,(anonymous_19)
FNDA:10,(anonymous_22)
FNDA:10,(anonymous_23)
FNDA:19,(anonymous_24)
DA:1,1
DA:3,1
DA:19,1
DA:22,1
DA:25,1
DA:26,1
DA:27,1
DA:28,1
DA:29,1
DA:31,1
DA:40,1
DA:42,1
DA:44,10
DA:47,1
DA:49,1
DA:50,10
DA:51,19
DA:54,10
DA:56,10
DA:62,1
DA:64,1
DA:66,1
LF:22
LH:22
BRDA:31,0,0,1
BRDA:58,1,0,10
BRDA:58,1,1,8
BRF:3
BRH:3
end_of_record
TN:
SF:src/modules/appointments/services/ListProviderMonthAvailabilityService.ts
FN:18,(anonymous_17)
FN:19,ListProviderMonthAvailabilityService
FN:24,(anonymous_19)
FN:43,(anonymous_22)
FN:46,(anonymous_23)
FN:50,(anonymous_24)
FNF:6
FNH:6
FNDA:1,(anonymous_17)
FNDA:1,ListProviderMonthAvailabilityService
FNDA:1,(anonymous_19)
FNDA:31,(anonymous_22)
FNDA:31,(anonymous_23)
FNDA:372,(anonymous_24)
DA:1,1
DA:2,1
DA:18,1
DA:21,1
DA:24,1
DA:25,1
DA:26,1
DA:27,1
DA:29,1
DA:37,1
DA:39,1
DA:43,31
DA:46,1
DA:47,31
DA:49,31
DA:50,372
DA:53,31
DA:60,1
DA:62,1
DA:64,1
LF:20
LH:20
BRDA:29,0,0,1
BRDA:56,1,0,31
BRDA:56,1,1,7
BRF:3
BRH:3
end_of_record
TN:
SF:src/modules/appointments/services/ListProvidersService.ts
FN:13,(anonymous_17)
FN:14,ListProvidersService
FN:22,(anonymous_19)
FNF:3
FNH:0
FNDA:0,(anonymous_17)
FNDA:0,ListProvidersService
FNDA:0,(anonymous_19)
DA:1,0
DA:13,0
DA:16,0
DA:19,0
DA:22,0
DA:23,0
DA:26,0
DA:27,0
DA:32,0
DA:34,0
DA:36,0
DA:38,0
LF:12
LH:0
BRDA:23,0,0,0
BRDA:23,0,1,0
BRDA:26,1,0,0
BRDA:26,1,1,0
BRF:4
BRH:0
end_of_record
TN:
SF:src/modules/categories/services/CreateCategorieService.ts
FN:10,(anonymous_17)
FN:11,CreateCategorieService
FN:16,(anonymous_19)
FNF:3
FNH:3
FNDA:1,(anonymous_17)
FNDA:1,CreateCategorieService
FNDA:1,(anonymous_19)
DA:1,1
DA:10,1
DA:13,1
DA:16,1
DA:17,1
DA:21,1
DA:23,1
DA:25,1
LF:8
LH:8
BRDA:17,0,0,1
BRF:1
BRH:1
end_of_record
TN:
SF:src/modules/curriculuns/services/CreateCurriculumService.ts
FN:16,(anonymous_17)
FN:17,CreateUserService
FN:22,(anonymous_19)
FNF:3
FNH:3
FNDA:1,(anonymous_17)
FNDA:1,CreateUserService
FNDA:1,(anonymous_19)
DA:1,1
DA:16,1
DA:19,1
DA:22,1
DA:23,1
DA:24,1
DA:25,1
DA:26,1
DA:27,1
DA:28,1
DA:29,1
DA:31,1
DA:41,1
DA:43,1
DA:45,1
LF:15
LH:15
BRDA:31,0,0,1
BRF:1
BRH:1
end_of_record
TN:
SF:src/modules/professions/services/CreateProfessionService.ts
FN:10,(anonymous_17)
FN:11,CreateProfessionService
FN:16,(anonymous_19)
FNF:3
FNH:3
FNDA:1,(anonymous_17)
FNDA:1,CreateProfessionService
FNDA:1,(anonymous_19)
DA:1,1
DA:10,1
DA:13,1
DA:16,1
DA:17,1
DA:21,1
DA:23,1
DA:25,1
LF:8
LH:8
BRDA:17,0,0,1
BRF:1
BRH:1
end_of_record
TN:
SF:src/modules/services/services/CreateServiceService.ts
FN:23,(anonymous_17)
FN:24,CreateServiceService
FN:29,(anonymous_19)
FNF:3
FNH:3
FNDA:1,(anonymous_17)
FNDA:1,CreateServiceService
FNDA:1,(anonymous_19)
DA:1,1
DA:23,1
DA:26,1
DA:29,1
DA:30,1
DA:31,1
DA:32,1
DA:33,1
DA:34,1
DA:35,1
DA:36,1
DA:37,1
DA:38,1
DA:39,1
DA:40,1
DA:41,1
DA:42,1
DA:43,1
DA:45,1
DA:62,1
DA:64,1
DA:66,1
LF:22
LH:22
BRDA:45,0,0,1
BRF:1
BRH:1
end_of_record
TN:
SF:src/modules/users/services/AuthenticateUserService.ts
FN:21,(anonymous_18)
FN:22,AuthenticateUserService
FN:30,(anonymous_20)
FNF:3
FNH:0
FNDA:0,(anonymous_18)
FNDA:0,AuthenticateUserService
FNDA:0,(anonymous_20)
DA:1,0
DA:2,0
DA:3,0
DA:5,0
DA:21,0
DA:24,0
DA:27,0
DA:30,0
DA:31,0
DA:33,0
DA:34,0
DA:35,0
DA:37,0
DA:40,0
DA:42,0
DA:47,0
DA:52,0
DA:54,0
LF:18
LH:0
BRDA:31,0,0,0
BRDA:34,1,0,0
BRDA:34,1,1,0
BRDA:33,2,0,0
BRDA:33,2,1,0
BRF:5
BRH:0
end_of_record
TN:
SF:src/modules/users/services/CreateUserService.ts
FN:21,(anonymous_18)
FN:22,CreateUserService
FN:33,(anonymous_20)
FNF:3
FNH:3
FNDA:1,(anonymous_18)
FNDA:3,CreateUserService
FNDA:5,(anonymous_20)
DA:1,1
DA:3,1
DA:21,1
DA:24,3
DA:27,3
DA:30,3
DA:33,1
DA:34,5
DA:35,5
DA:36,5
DA:37,5
DA:38,5
DA:39,5
DA:40,5
DA:41,5
DA:43,5
DA:45,5
DA:46,2
DA:49,3
DA:51,3
DA:65,3
DA:67,1
DA:69,1
LF:23
LH:23
BRDA:43,0,0,5
BRDA:45,1,0,2
BRDA:45,1,1,3
BRF:3
BRH:3
end_of_record
TN:
SF:src/modules/users/services/ResetPasswordService.ts
FN:15,(anonymous_18)
FN:16,ResetPasswordService
FN:27,(anonymous_20)
FNF:3
FNH:0
FNDA:0,(anonymous_18)
FNDA:0,ResetPasswordService
FNDA:0,(anonymous_20)
DA:1,0
DA:2,0
DA:6,0
DA:15,0
DA:18,0
DA:21,0
DA:24,0
DA:27,0
DA:28,0
DA:30,0
DA:31,0
DA:34,0
DA:36,0
DA:37,0
DA:40,0
DA:42,0
DA:43,0
DA:46,0
DA:48,0
DA:50,0
DA:52,0
LF:21
LH:0
BRDA:28,0,0,0
BRDA:30,1,0,0
BRDA:30,1,1,0
BRDA:36,2,0,0
BRDA:36,2,1,0
BRDA:42,3,0,0
BRDA:42,3,1,0
BRF:7
BRH:0
end_of_record
TN:
SF:src/modules/users/services/SendForgotPasswordEmailService.ts
FN:15,(anonymous_18)
FN:16,SendForgotPasswordEmailService
FN:27,(anonymous_20)
FNF:3
FNH:0
FNDA:0,(anonymous_18)
FNDA:0,SendForgotPasswordEmailService
FNDA:0,(anonymous_20)
DA:1,0
DA:2,0
DA:4,0
DA:15,0
DA:18,0
DA:21,0
DA:24,0
DA:27,0
DA:28,0
DA:30,0
DA:31,0
DA:34,0
DA:36,0
DA:43,0
DA:58,0
DA:60,0
LF:16
LH:0
BRDA:28,0,0,0
BRDA:30,1,0,0
BRDA:30,1,1,0
BRF:3
BRH:0
end_of_record
TN:
SF:src/modules/users/services/ShowProfileService.ts
FN:12,(anonymous_18)
FN:13,ShowProfileService
FN:17,(anonymous_20)
FNF:3
FNH:0
FNDA:0,(anonymous_18)
FNDA:0,ShowProfileService
FNDA:0,(anonymous_20)
DA:1,0
DA:5,0
DA:12,0
DA:14,0
DA:17,0
DA:18,0
DA:20,0
DA:21,0
DA:24,0
DA:26,0
DA:28,0
LF:11
LH:0
BRDA:18,0,0,0
BRDA:20,1,0,0
BRDA:20,1,1,0
BRF:3
BRH:0
end_of_record
TN:
SF:src/modules/users/services/UpdateProfileService.ts
FN:17,(anonymous_18)
FN:18,UpdateProfileService
FN:23,(anonymous_20)
FNF:3
FNH:0
FNDA:0,(anonymous_18)
FNDA:0,UpdateProfileService
FNDA:0,(anonymous_20)
DA:1,0
DA:3,0
DA:17,0
DA:19,0
DA:20,0
DA:23,0
DA:24,0
DA:25,0
DA:26,0
DA:27,0
DA:28,0
DA:30,0
DA:32,0
DA:33,0
DA:36,0
DA:38,0
DA:39,0
DA:42,0
DA:43,0
DA:45,0
DA:46,0
DA:51,0
DA:52,0
DA:57,0
DA:58,0
DA:61,0
DA:64,0
DA:66,0
DA:68,0
LF:29
LH:0
BRDA:30,0,0,0
BRDA:30,0,1,0
BRDA:32,1,0,0
BRDA:32,1,1,0
BRDA:38,2,0,0
BRDA:38,2,1,0
BRDA:38,3,0,0
BRDA:38,3,1,0
BRDA:45,4,0,0
BRDA:45,4,1,0
BRDA:45,5,0,0
BRDA:45,5,1,0
BRDA:51,6,0,0
BRDA:51,6,1,0
BRDA:51,7,0,0
BRDA:51,7,1,0
BRDA:57,8,0,0
BRDA:57,8,1,0
BRF:18
BRH:0
end_of_record
TN:
SF:src/modules/users/services/UpdateUserAvatarService.ts
FN:14,(anonymous_18)
FN:15,UpdateUserAvatarService
FN:21,(anonymous_20)
FNF:3
FNH:0
FNDA:0,(anonymous_18)
FNDA:0,UpdateUserAvatarService
FNDA:0,(anonymous_20)
DA:1,0
DA:3,0
DA:14,0
DA:16,0
DA:18,0
DA:21,0
DA:22,0
DA:24,0
DA:25,0
DA:28,0
DA:29,0
DA:32,0
DA:34,0
DA:36,0
DA:38,0
DA:40,0
DA:42,0
LF:17
LH:0
BRDA:22,0,0,0
BRDA:22,0,1,0
BRDA:24,1,0,0
BRDA:24,1,1,0
BRDA:28,2,0,0
BRDA:28,2,1,0
BRF:6
BRH:0
end_of_record
